<?xml version="1.0" encoding="UTF-8"?>
<!-- Generated by org.testng.reporters.JUnitReportReporter -->
<testsuite hostname="DESKTOP-RHJ57E2" name="valtech.tarung.AllTestCases" tests="6" failures="0" timestamp="5 Oct 2018 22:30:30 GMT" time="79.295" errors="0">
  <testcase name="assertservices" time="10.959" classname="valtech.tarung.AllTestCases"/>
  <testcase name="assertFirstBlog" time="17.854" classname="valtech.tarung.AllTestCases"/>
  <testcase name="assertWork" time="15.309" classname="valtech.tarung.AllTestCases"/>
  <testcase name="assertRecentBlogs" time="11.148" classname="valtech.tarung.AllTestCases"/>
  <testcase name="assertAbout" time="11.083" classname="valtech.tarung.AllTestCases"/>
  <testcase name="totalOffices" time="12.942" classname="valtech.tarung.AllTestCases"/>
</testsuite> <!-- valtech.tarung.AllTestCases -->
